<?xml version="1.0" encoding="UTF-8"?>
<!-- Generated by org.testng.reporters.JUnitXMLReporter -->
<testsuite ignored="0" hostname="PUNITP452526L" failures="2" tests="6" name="listnerTestingx1&amp;2" time="0.228" errors="0" timestamp="2022-12-05T15:32:46 IST">
  <testcase classname="listners.Testingx2" name="mytest5" time="0.032">
    <failure type="java.lang.AssertionError" message="null">
      <![CDATA[java.lang.AssertionError: null
at listners.Testingx2.mytest5(Testingx2.java:23)
at java.base/java.util.ArrayList.forEach(ArrayList.java:1541)
... Removed 29 stack frames]]>
    </failure>
  </testcase> <!-- mytest5 -->
  <testcase classname="listners.Testingx2" name="mytest4" time="0.003"/>
  <testcase classname="listners.Testingx2" name="mytest6" time="0.0">
    <skipped/>
  </testcase> <!-- mytest6 -->
  <testcase classname="listners.Testingx1" name="mytest1" time="0.003"/>
  <testcase classname="listners.Testingx1" name="mytest2" time="0.004">
    <failure type="java.lang.AssertionError" message="null">
      <![CDATA[java.lang.AssertionError: null
at listners.Testingx1.mytest2(Testingx1.java:20)
at java.base/java.util.ArrayList.forEach(ArrayList.java:1541)
... Removed 29 stack frames]]>
    </failure>
  </testcase> <!-- mytest2 -->
  <testcase classname="listners.Testingx1" name="mytest3" time="0.0">
    <skipped/>
  </testcase> <!-- mytest3 -->
</testsuite> <!-- listnerTestingx1&2 -->
