<?xml version="1.0" encoding="UTF-8"?>
<!-- Generated by org.testng.reporters.JUnitXMLReporter -->
<testsuite ignored="4" hostname="PUNITP452526L" failures="0" tests="6" name="Test" time="0.13" errors="0" timestamp="2022-11-16T19:44:33 IST">
  <testcase classname="testNGxml.grouping1" name="B" time="0.017"/>
  <testcase classname="testNGxml.grouping1" name="D" time="0.002"/>
  <testcase classname="testNGxml.grouping2" name="G" time="0.003"/>
  <testcase classname="testNGxml.grouping2" name="H" time="0.001"/>
  <testcase classname="testNGxml.grouping2" name="I" time="0.002"/>
  <testcase classname="testNGxml.grouping2" name="J" time="0.003"/>
  <testcase classname="testNGxml.grouping1" name="E" time="0.0">
    <ignored/>
  </testcase> <!-- E -->
  <testcase classname="testNGxml.grouping2" name="F" time="0.0">
    <ignored/>
  </testcase> <!-- F -->
  <testcase classname="testNGxml.grouping1" name="A" time="0.0">
    <ignored/>
  </testcase> <!-- A -->
  <testcase classname="testNGxml.grouping1" name="C" time="0.0">
    <ignored/>
  </testcase> <!-- C -->
</testsuite> <!-- Test -->
